<?xml version="1.0" encoding="UTF-8"?>
<!-- Generated by org.testng.reporters.JUnitReportReporter -->
<testsuite hostname="IMCNBCP244-MSL2" failures="0" tests="2" name="AutomationTesting.TestCases1" time="29.940" errors="0" timestamp="2023-01-25T12:11:54 IST" skipped="0">
  <testcase classname="AutomationTesting.TestCases1" name="RegisterUser" time="21.515"/>
  <system-out/>
  <testcase classname="AutomationTesting.TestCases1" name="UserLogin" time="8.425"/>
  <system-out/>
</testsuite> <!-- AutomationTesting.TestCases1 -->
