<?xml version="1.0" encoding="UTF-8"?>
<!-- Generated by org.testng.reporters.JUnitReportReporter -->
<testsuite hostname="IMCNBCP244-MSL2" failures="0" tests="1" name="AutomationTesting.TestCases2" time="13.491" errors="0" timestamp="2023-01-25T12:11:54 IST" skipped="0">
  <testcase classname="AutomationTesting.TestCases2" name="AddBookToCart" time="13.491"/>
  <system-out/>
</testsuite> <!-- AutomationTesting.TestCases2 -->
