<?xml version="1.0" encoding="UTF-8"?>
<!-- Generated by org.testng.reporters.JUnitReportReporter -->
<testsuite hostname="IMCNBCP244-MSL2" failures="0" tests="1" name="AutomationTesting.NewTest" time="35.434" errors="0" timestamp="2023-01-20T15:49:46 IST" skipped="0">
  <testcase classname="AutomationTesting.NewTest" name="RegisterUser" time="35.434"/>
  <system-out/>
</testsuite> <!-- AutomationTesting.NewTest -->
